  UnitTestsMatrix.cpp
     Создается библиотека D:\University\Term1\Algoritms\EndedLab1\x64\Debug\UnitTestsMatrix.lib и объект D:\University\Term1\Algoritms\EndedLab1\x64\Debug\UnitTestsMatrix.exp
UnitTestsMatrix.obj : error LNK2019: ссылка на неразрешенный внешний символ "public: void __cdecl Matrix::GausseJordan(class Matrix)" (?GausseJordan@Matrix@@QEAAXV1@@Z) в функции "public: void __cdecl UnitTestsMatrix::UnitTestsMatrix::TestMethod1(void)" (?TestMethod1@UnitTestsMatrix@1@QEAAXXZ).
D:\University\Term1\Algoritms\EndedLab1\x64\Debug\UnitTestsMatrix.dll : fatal error LNK1120: неразрешенных внешних элементов: 1
