Source.obj : error LNK2005: main уже определен в EndedLab1.obj
Source.obj : error LNK2019: ссылка на неразрешенный внешний символ "bool __cdecl testing::internal::IsTrue(bool)" (?IsTrue@internal@testing@@YA_N_N@Z) в функции "public: void __cdecl testing::internal::scoped_ptr<class std::basic_string<char,struct std::char_traits<char>,class std::allocator<char> > >::reset(class std::basic_string<char,struct std::char_traits<char>,class std::allocator<char> > *)" (?reset@?$scoped_ptr@V?$basic_string@DU?$char_traits@D@std@@V?$allocator@D@2@@std@@@internal@testing@@QEAAXPEAV?$basic_string@DU?$char_traits@D@std@@V?$allocator@D@2@@std@@@Z).
Source.obj : error LNK2019: ссылка на неразрешенный внешний символ "public: __cdecl testing::Message::Message(void)" (??0Message@testing@@QEAA@XZ) в функции "private: virtual void __cdecl TestGaus_Test1_Test::TestBody(void)" (?TestBody@TestGaus_Test1_Test@@EEAAXXZ).
Source.obj : error LNK2019: ссылка на неразрешенный внешний символ "class std::basic_string<char,struct std::char_traits<char>,class std::allocator<char> > __cdecl testing::internal::GetBoolAssertionFailureMessage(class testing::AssertionResult const &,char const *,char const *,char const *)" (?GetBoolAssertionFailureMessage@internal@testing@@YA?AV?$basic_string@DU?$char_traits@D@std@@V?$allocator@D@2@@std@@AEBVAssertionResult@2@PEBD11@Z) в функции "private: virtual void __cdecl TestGaus_Test1_Test::TestBody(void)" (?TestBody@TestGaus_Test1_Test@@EEAAXXZ).
Source.obj : error LNK2019: ссылка на неразрешенный внешний символ "void const * __cdecl testing::internal::GetTestTypeId(void)" (?GetTestTypeId@internal@testing@@YAPEBXXZ) в функции "void __cdecl `dynamic initializer for 'private: static class testing::TestInfo * TestGaus_Test1_Test::test_info_''(void)" (??__E?test_info_@TestGaus_Test1_Test@@0QEAVTestInfo@testing@@EA@@YAXXZ).
Source.obj : error LNK2019: ссылка на неразрешенный внешний символ "class testing::TestInfo * __cdecl testing::internal::MakeAndRegisterTestInfo(char const *,char const *,char const *,char const *,void const *,void (__cdecl*)(void),void (__cdecl*)(void),class testing::internal::TestFactoryBase *)" (?MakeAndRegisterTestInfo@internal@testing@@YAPEAVTestInfo@2@PEBD000PEBXP6AXXZ2PEAVTestFactoryBase@12@@Z) в функции "void __cdecl `dynamic initializer for 'private: static class testing::TestInfo * TestGaus_Test1_Test::test_info_''(void)" (??__E?test_info_@TestGaus_Test1_Test@@0QEAVTestInfo@testing@@EA@@YAXXZ).
Source.obj : error LNK2019: ссылка на неразрешенный внешний символ "public: virtual __cdecl testing::Test::~Test(void)" (??1Test@testing@@UEAA@XZ) в функции "public: virtual __cdecl TestGaus_Test1_Test::~TestGaus_Test1_Test(void)" (??1TestGaus_Test1_Test@@UEAA@XZ).
Source.obj : error LNK2019: ссылка на неразрешенный внешний символ "protected: __cdecl testing::Test::Test(void)" (??0Test@testing@@IEAA@XZ) в функции "public: __cdecl TestGaus_Test1_Test::TestGaus_Test1_Test(void)" (??0TestGaus_Test1_Test@@QEAA@XZ).
Source.obj : error LNK2001: неразрешенный внешний символ "protected: virtual void __cdecl testing::Test::SetUp(void)" (?SetUp@Test@testing@@MEAAXXZ).
Source.obj : error LNK2001: неразрешенный внешний символ "protected: virtual void __cdecl testing::Test::TearDown(void)" (?TearDown@Test@testing@@MEAAXXZ).
Source.obj : error LNK2019: ссылка на неразрешенный внешний символ "public: static class testing::UnitTest * __cdecl testing::UnitTest::GetInstance(void)" (?GetInstance@UnitTest@testing@@SAPEAV12@XZ) в функции "int __cdecl RUN_ALL_TESTS(void)" (?RUN_ALL_TESTS@@YAHXZ).
Source.obj : error LNK2019: ссылка на неразрешенный внешний символ "public: int __cdecl testing::UnitTest::Run(void)" (?Run@UnitTest@testing@@QEAAHXZ) в функции "int __cdecl RUN_ALL_TESTS(void)" (?RUN_ALL_TESTS@@YAHXZ).
Source.obj : error LNK2019: ссылка на неразрешенный внешний символ "public: __cdecl testing::internal::AssertHelper::AssertHelper(enum testing::TestPartResult::Type,char const *,int,char const *)" (??0AssertHelper@internal@testing@@QEAA@W4Type@TestPartResult@2@PEBDH1@Z) в функции "private: virtual void __cdecl TestGaus_Test1_Test::TestBody(void)" (?TestBody@TestGaus_Test1_Test@@EEAAXXZ).
Source.obj : error LNK2019: ссылка на неразрешенный внешний символ "public: __cdecl testing::internal::AssertHelper::~AssertHelper(void)" (??1AssertHelper@internal@testing@@QEAA@XZ) в функции "private: virtual void __cdecl TestGaus_Test1_Test::TestBody(void)" (?TestBody@TestGaus_Test1_Test@@EEAAXXZ).
Source.obj : error LNK2019: ссылка на неразрешенный внешний символ "public: void __cdecl testing::internal::AssertHelper::operator=(class testing::Message const &)const " (??4AssertHelper@internal@testing@@QEBAXAEBVMessage@2@@Z) в функции "private: virtual void __cdecl TestGaus_Test1_Test::TestBody(void)" (?TestBody@TestGaus_Test1_Test@@EEAAXXZ).
D:\University\Term1\Algoritms\EndedLab1\packages\gtest.1.7.0\build\native\..\..\\build\native\lib\Debug\gtestd.lib : warning LNK4272: тип компьютера библиотеки "x86" конфликтует с типом целевого компьютера "x64"
D:\University\Term1\Algoritms\EndedLab1\x64\Debug\EndedLab1.exe : fatal error LNK1120: неразрешенных внешних элементов: 14
